Fitting...

Inspecting batch 0:

Files: [b'./preprocessed_data2d/input_data\\19651_case24_day25_slice0099.npy'
 b'./preprocessed_data2d/input_data\\8725_case53_day0_slice0005.npy'
 b'./preprocessed_data2d/input_data\\15768_case135_day0_slice0104.npy'
 b'./preprocessed_data2d/input_data\\22054_case111_day0_slice0054.npy'
 b'./preprocessed_data2d/input_data\\1921_case129_day27_slice0049.npy'
 b'./preprocessed_data2d/input_data\\8889_case122_day25_slice0025.npy'
 b'./preprocessed_data2d/input_data\\16339_case147_day18_slice0099.npy'
 b'./preprocessed_data2d/input_data\\33675_case78_day26_slice0075.npy'
 b'./preprocessed_data2d/input_data\\8503_case65_day25_slice0071.npy'
 b'./preprocessed_data2d/input_data\\5768_case66_day0_slice0072.npy'
 b'./preprocessed_data2d/input_data\\2443_case139_day16_slice0139.npy'
 b'./preprocessed_data2d/input_data\\25936_case141_day27_slice0080.npy'
 b'./preprocessed_data2d/input_data\\26278_case141_day0_slice0134.npy'
 b'./preprocessed_data2d/input_data\\2635_case130_day0_slice0043.npy'
 b'./preprocessed_data2d/input_data\\34801_case85_day29_slice0049.npy'
 b'./preprocessed_data2d/input_data\\6315_case142_day16_slice0043.npy'
 b'./preprocessed_data2d/input_data\\13911_case19_day0_slice0119.npy'
 b'./preprocessed_data2d/input_data\\11252_case9_day22_slice0052.npy'
 b'./preprocessed_data2d/input_data\\16919_case147_day20_slice0103.npy'
 b'./preprocessed_data2d/input_data\\8308_case65_day28_slice0020.npy'
 b'./preprocessed_data2d/input_data\\16600_case147_day19_slice0072.npy'
 b'./preprocessed_data2d/input_data\\30332_case18_day17_slice0124.npy'
 b'./preprocessed_data2d/input_data\\27731_case34_day0_slice0067.npy'
 b'./preprocessed_data2d/input_data\\24134_case35_day12_slice0022.npy'
 b'./preprocessed_data2d/input_data\\1397_case129_day20_slice0101.npy'
 b'./preprocessed_data2d/input_data\\38381_case30_day0_slice0029.npy'
 b'./preprocessed_data2d/input_data\\32025_case40_day17_slice0009.npy'
 b'./preprocessed_data2d/input_data\\11671_case113_day22_slice0039.npy'
 b'./preprocessed_data2d/input_data\\21092_case11_day13_slice0100.npy'
 b'./preprocessed_data2d/input_data\\1350_case129_day20_slice0054.npy'
 b'./preprocessed_data2d/input_data\\30249_case18_day17_slice0041.npy'
 b'./preprocessed_data2d/input_data\\10223_case117_day0_slice0127.npy']:

Inspecting batch 1:

Files: [b'./preprocessed_data2d/input_data\\25100_case43_day22_slice0108.npy'
 b'./preprocessed_data2d/input_data\\5814_case66_day0_slice0118.npy'
 b'./preprocessed_data2d/input_data\\8207_case115_day0_slice0063.npy'
 b'./preprocessed_data2d/input_data\\10636_case140_day0_slice0012.npy'
 b'./preprocessed_data2d/input_data\\34784_case85_day29_slice0032.npy'
 b'./preprocessed_data2d/input_data\\37661_case74_day19_slice0029.npy'
 b'./preprocessed_data2d/input_data\\10375_case117_day17_slice0055.npy'
 b'./preprocessed_data2d/input_data\\37678_case74_day19_slice0046.npy'
 b'./preprocessed_data2d/input_data\\11661_case113_day22_slice0029.npy'
 b'./preprocessed_data2d/input_data\\15525_case135_day17_slice0005.npy'
 b'./preprocessed_data2d/input_data\\30110_case18_day0_slice0046.npy'
 b'./preprocessed_data2d/input_data\\16325_case147_day18_slice0085.npy'
 b'./preprocessed_data2d/input_data\\29299_case121_day14_slice0099.npy'
 b'./preprocessed_data2d/input_data\\21813_case124_day19_slice0101.npy'
 b'./preprocessed_data2d/input_data\\37447_case2_day4_slice0103.npy'
 b'./preprocessed_data2d/input_data\\18833_case32_day20_slice0001.npy'
 b'./preprocessed_data2d/input_data\\1261_case133_day23_slice0109.npy'
 b'./preprocessed_data2d/input_data\\6423_case142_day0_slice0007.npy'
 b'./preprocessed_data2d/input_data\\24977_case43_day18_slice0129.npy'
 b'./preprocessed_data2d/input_data\\18131_case119_day20_slice0019.npy'
 b'./preprocessed_data2d/input_data\\22311_case89_day19_slice0087.npy'
 b'./preprocessed_data2d/input_data\\7345_case63_day26_slice0065.npy'
 b'./preprocessed_data2d/input_data\\34408_case156_day11_slice0088.npy'
 b'./preprocessed_data2d/input_data\\34788_case85_day29_slice0036.npy'
 b'./preprocessed_data2d/input_data\\33173_case78_day22_slice0005.npy'
 b'./preprocessed_data2d/input_data\\3759_case44_day19_slice0015.npy'
 b'./preprocessed_data2d/input_data\\14226_case6_day20_slice0002.npy'
 b'./preprocessed_data2d/input_data\\27168_case131_day21_slice0080.npy'
 b'./preprocessed_data2d/input_data\\38097_case74_day18_slice0033.npy'
 b'./preprocessed_data2d/input_data\\23045_case136_day27_slice0101.npy'
 b'./preprocessed_data2d/input_data\\10868_case134_day22_slice0100.npy'
 b'./preprocessed_data2d/input_data\\21762_case124_day19_slice0050.npy']:
Epoch 1/10
